{
  "RSpec": {
    "coverage": {
      "/Users/ryn/turing/2module/projects/monster_shop_final/spec/spec_helper.rb": [
        null,
        null,
        null,
        null,
        null,
        null,
        null,
        null,
        null,
        null,
        null,
        null,
        null,
        null,
        null,
        1,
        null,
        null,
        null,
        1,
        null,
        null,
        null,
        null,
        null,
        null,
        null,
        1,
        null,
        null,
        null,
        null,
        1,
        null,
        null,
        null,
        1,
        null,
        null,
        null,
        null,
        null,
        null,
        null,
        1,
        null,
        null,
        null,
        null,
        null,
        null,
        null,
        null,
        null,
        null,
        null,
        null,
        null,
        null,
        null,
        null,
        null,
        null,
        null,
        null,
        null,
        null,
        null,
        null,
        null,
        null,
        null,
        null,
        null,
        null,
        null,
        null,
        null,
        null,
        null,
        null,
        null,
        null,
        null,
        null,
        null,
        null,
        null,
        null,
        null,
        null,
        null,
        null,
        null,
        null,
        null
      ],
      "/Users/ryn/turing/2module/projects/monster_shop_final/config/environment.rb": [
        null,
        1,
        null,
        null,
        1
      ],
      "/Users/ryn/turing/2module/projects/monster_shop_final/config/application.rb": [
        1,
        null,
        1,
        null,
        1,
        1,
        1,
        1,
        1,
        1,
        1,
        1,
        null,
        null,
        null,
        null,
        1,
        null,
        1,
        1,
        null,
        1,
        null,
        null,
        null,
        null,
        null,
        null,
        1,
        null,
        null
      ],
      "/Users/ryn/turing/2module/projects/monster_shop_final/config/boot.rb": [
        1,
        null,
        1
      ],
      "/Users/ryn/turing/2module/projects/monster_shop_final/config/environments/test.rb": [
        1,
        null,
        null,
        null,
        null,
        null,
        null,
        1,
        null,
        null,
        null,
        null,
        1,
        null,
        null,
        1,
        1,
        null,
        null,
        null,
        null,
        1,
        1,
        null,
        null,
        1,
        null,
        null,
        1,
        1,
        null,
        null,
        null,
        null,
        1,
        null,
        null,
        1,
        null,
        null,
        null,
        null
      ],
      "/Users/ryn/turing/2module/projects/monster_shop_final/config/initializers/application_controller_renderer.rb": [
        null,
        null,
        null,
        null,
        null,
        null,
        null,
        null
      ],
      "/Users/ryn/turing/2module/projects/monster_shop_final/config/initializers/assets.rb": [
        null,
        null,
        null,
        1,
        null,
        null,
        null,
        null,
        1,
        null,
        null,
        null,
        null,
        null
      ],
      "/Users/ryn/turing/2module/projects/monster_shop_final/config/initializers/backtrace_silencers.rb": [
        null,
        null,
        null,
        null,
        null,
        null,
        null
      ],
      "/Users/ryn/turing/2module/projects/monster_shop_final/config/initializers/cookies_serializer.rb": [
        null,
        null,
        null,
        null,
        1
      ],
      "/Users/ryn/turing/2module/projects/monster_shop_final/config/initializers/filter_parameter_logging.rb": [
        null,
        null,
        null,
        1
      ],
      "/Users/ryn/turing/2module/projects/monster_shop_final/config/initializers/inflections.rb": [
        null,
        null,
        null,
        null,
        null,
        null,
        null,
        null,
        null,
        null,
        null,
        null,
        null,
        null,
        null,
        null
      ],
      "/Users/ryn/turing/2module/projects/monster_shop_final/config/initializers/mime_types.rb": [
        null,
        null,
        null,
        null
      ],
      "/Users/ryn/turing/2module/projects/monster_shop_final/config/initializers/wrap_parameters.rb": [
        null,
        null,
        null,
        null,
        null,
        null,
        1,
        2,
        null,
        null,
        null,
        null,
        null,
        null
      ],
      "/Users/ryn/turing/2module/projects/monster_shop_final/spec/factories/discounts.rb": [
        1,
        1,
        1,
        1,
        1,
        1,
        1,
        null,
        null
      ],
      "/Users/ryn/turing/2module/projects/monster_shop_final/spec/factories/items.rb": [
        null,
        1,
        1,
        1,
        1,
        1,
        1,
        1,
        null,
        null
      ],
      "/Users/ryn/turing/2module/projects/monster_shop_final/spec/factories/merchants.rb": [
        1,
        1,
        3,
        3,
        3,
        3,
        3,
        null,
        null
      ],
      "/Users/ryn/turing/2module/projects/monster_shop_final/spec/factories/order_items.rb": [
        1,
        1,
        1,
        1,
        1,
        1,
        null,
        null
      ],
      "/Users/ryn/turing/2module/projects/monster_shop_final/spec/factories/orders.rb": [
        1,
        1,
        1,
        null,
        null
      ],
      "/Users/ryn/turing/2module/projects/monster_shop_final/spec/factories/reviews.rb": [
        1,
        1,
        1,
        1,
        1,
        1,
        null,
        null
      ],
      "/Users/ryn/turing/2module/projects/monster_shop_final/spec/factories/users.rb": [
        1,
        1,
        1,
        3,
        3,
        3,
        3,
        3,
        3,
        1,
        0,
        null,
        null,
        null
      ],
      "/Users/ryn/turing/2module/projects/monster_shop_final/config/routes.rb": [
        1,
        null,
        1,
        null,
        1,
        1,
        null,
        null,
        1,
        1,
        null,
        null,
        1,
        null,
        1,
        1,
        1,
        1,
        1,
        null,
        1,
        1,
        1,
        1,
        1,
        1,
        1,
        1,
        1,
        1,
        null,
        1,
        1,
        1,
        null,
        1,
        1,
        1,
        1,
        1,
        1,
        1,
        null,
        null,
        1,
        1,
        1,
        1,
        1,
        null,
        null
      ],
      "/Users/ryn/turing/2module/projects/monster_shop_final/app/helpers/application_helper.rb": [
        1,
        null
      ],
      "/Users/ryn/turing/2module/projects/monster_shop_final/spec/support/factory_bot.rb": [
        1,
        1,
        null
      ],
      "/Users/ryn/turing/2module/projects/monster_shop_final/app/models/merchant.rb": [
        1,
        1,
        1,
        1,
        1,
        null,
        1,
        null,
        null,
        null,
        null,
        null,
        1,
        0,
        null,
        null,
        1,
        0,
        null,
        null,
        1,
        null,
        null,
        null,
        0,
        null,
        null,
        1,
        0,
        null,
        null,
        1,
        0,
        null,
        null
      ],
      "/Users/ryn/turing/2module/projects/monster_shop_final/app/models/application_record.rb": [
        1,
        1,
        null
      ],
      "/Users/ryn/turing/2module/projects/monster_shop_final/app/models/user.rb": [
        1,
        1,
        null,
        1,
        1,
        null,
        1,
        null,
        null,
        null,
        null,
        null,
        null,
        1,
        null,
        1,
        null
      ],
      "/Users/ryn/turing/2module/projects/monster_shop_final/app/models/discount.rb": [
        1,
        null,
        null,
        null,
        null
      ]
    },
    "timestamp": 1596251984
  }
}
